-------------------------------------------------------------------------------
Test set: Testes.LoginSreenTest
-------------------------------------------------------------------------------
Tests run: 1, Failures: 1, Errors: 0, Skipped: 0, Time elapsed: 0.029 s <<< FAILURE! - in Testes.LoginSreenTest
testFailedLogin  Time elapsed: 0.024 s  <<< FAILURE!
org.opentest4j.AssertionFailedError: expected: <true> but was: <false>
	at Testes.LoginSreenTest.testFailedLogin(LoginSreenTest.java:25)

